<?xml version="1.0" encoding="UTF-8"?>
<!-- Generated by org.testng.reporters.JUnitReportReporter -->
<testsuite hostname="TYSS-4F-048" name="script.ValidLogin" tests="1" failures="0" timestamp="28 Feb 2018 08:19:24 GMT" time="33.480" errors="0">
  <testcase name="testValidLogin" time="33.480" classname="script.ValidLogin"/>
</testsuite> <!-- script.ValidLogin -->
